<?xml version="1.0" encoding="UTF-8"?>
<testsuite xmlns:xsi="http://www.w3.org/2001/XMLSchema-instance" xsi:noNamespaceSchemaLocation="https://maven.apache.org/surefire/maven-surefire-plugin/xsd/surefire-test-report.xsd" version="3.0.2" name="com.example.authorization_service.AuthorizationServiceApplicationTests" time="13.845" tests="1" errors="0" skipped="0" failures="0">
  <properties>
    <property name="java.specification.version" value="21"/>
    <property name="sun.jnu.encoding" value="UTF-8"/>
    <property name="java.class.path" value="/home/matheusnicolau/Documentos/Matheus/authorization-service/target/test-classes:/home/matheusnicolau/Documentos/Matheus/authorization-service/target/classes:/home/matheusnicolau/.m2/repository/org/springframework/boot/spring-boot-starter-data-jpa/3.4.3/spring-boot-starter-data-jpa-3.4.3.jar:/home/matheusnicolau/.m2/repository/org/springframework/boot/spring-boot-starter/3.4.3/spring-boot-starter-3.4.3.jar:/home/matheusnicolau/.m2/repository/org/springframework/boot/spring-boot-starter-logging/3.4.3/spring-boot-starter-logging-3.4.3.jar:/home/matheusnicolau/.m2/repository/ch/qos/logback/logback-classic/1.5.16/logback-classic-1.5.16.jar:/home/matheusnicolau/.m2/repository/ch/qos/logback/logback-core/1.5.16/logback-core-1.5.16.jar:/home/matheusnicolau/.m2/repository/org/apache/logging/log4j/log4j-to-slf4j/2.24.3/log4j-to-slf4j-2.24.3.jar:/home/matheusnicolau/.m2/repository/org/apache/logging/log4j/log4j-api/2.24.3/log4j-api-2.24.3.jar:/home/matheusnicolau/.m2/repository/org/slf4j/jul-to-slf4j/2.0.16/jul-to-slf4j-2.0.16.jar:/home/matheusnicolau/.m2/repository/jakarta/annotation/jakarta.annotation-api/2.1.1/jakarta.annotation-api-2.1.1.jar:/home/matheusnicolau/.m2/repository/org/yaml/snakeyaml/2.3/snakeyaml-2.3.jar:/home/matheusnicolau/.m2/repository/org/springframework/boot/spring-boot-starter-jdbc/3.4.3/spring-boot-starter-jdbc-3.4.3.jar:/home/matheusnicolau/.m2/repository/com/zaxxer/HikariCP/5.1.0/HikariCP-5.1.0.jar:/home/matheusnicolau/.m2/repository/org/springframework/spring-jdbc/6.2.3/spring-jdbc-6.2.3.jar:/home/matheusnicolau/.m2/repository/org/hibernate/orm/hibernate-core/6.6.8.Final/hibernate-core-6.6.8.Final.jar:/home/matheusnicolau/.m2/repository/jakarta/persistence/jakarta.persistence-api/3.1.0/jakarta.persistence-api-3.1.0.jar:/home/matheusnicolau/.m2/repository/jakarta/transaction/jakarta.transaction-api/2.0.1/jakarta.transaction-api-2.0.1.jar:/home/matheusnicolau/.m2/repository/org/jboss/logging/jboss-logging/3.6.1.Final/jboss-logging-3.6.1.Final.jar:/home/matheusnicolau/.m2/repository/org/hibernate/common/hibernate-commons-annotations/7.0.3.Final/hibernate-commons-annotations-7.0.3.Final.jar:/home/matheusnicolau/.m2/repository/io/smallrye/jandex/3.2.0/jandex-3.2.0.jar:/home/matheusnicolau/.m2/repository/com/fasterxml/classmate/1.7.0/classmate-1.7.0.jar:/home/matheusnicolau/.m2/repository/net/bytebuddy/byte-buddy/1.15.11/byte-buddy-1.15.11.jar:/home/matheusnicolau/.m2/repository/org/glassfish/jaxb/jaxb-runtime/4.0.5/jaxb-runtime-4.0.5.jar:/home/matheusnicolau/.m2/repository/org/glassfish/jaxb/jaxb-core/4.0.5/jaxb-core-4.0.5.jar:/home/matheusnicolau/.m2/repository/org/eclipse/angus/angus-activation/2.0.2/angus-activation-2.0.2.jar:/home/matheusnicolau/.m2/repository/org/glassfish/jaxb/txw2/4.0.5/txw2-4.0.5.jar:/home/matheusnicolau/.m2/repository/com/sun/istack/istack-commons-runtime/4.1.2/istack-commons-runtime-4.1.2.jar:/home/matheusnicolau/.m2/repository/jakarta/inject/jakarta.inject-api/2.0.1/jakarta.inject-api-2.0.1.jar:/home/matheusnicolau/.m2/repository/org/antlr/antlr4-runtime/4.13.0/antlr4-runtime-4.13.0.jar:/home/matheusnicolau/.m2/repository/org/springframework/data/spring-data-jpa/3.4.3/spring-data-jpa-3.4.3.jar:/home/matheusnicolau/.m2/repository/org/springframework/data/spring-data-commons/3.4.3/spring-data-commons-3.4.3.jar:/home/matheusnicolau/.m2/repository/org/springframework/spring-orm/6.2.3/spring-orm-6.2.3.jar:/home/matheusnicolau/.m2/repository/org/springframework/spring-context/6.2.3/spring-context-6.2.3.jar:/home/matheusnicolau/.m2/repository/org/springframework/spring-tx/6.2.3/spring-tx-6.2.3.jar:/home/matheusnicolau/.m2/repository/org/springframework/spring-beans/6.2.3/spring-beans-6.2.3.jar:/home/matheusnicolau/.m2/repository/org/slf4j/slf4j-api/2.0.16/slf4j-api-2.0.16.jar:/home/matheusnicolau/.m2/repository/org/springframework/spring-aspects/6.2.3/spring-aspects-6.2.3.jar:/home/matheusnicolau/.m2/repository/org/aspectj/aspectjweaver/1.9.22.1/aspectjweaver-1.9.22.1.jar:/home/matheusnicolau/.m2/repository/org/springframework/boot/spring-boot-starter-oauth2-authorization-server/3.4.3/spring-boot-starter-oauth2-authorization-server-3.4.3.jar:/home/matheusnicolau/.m2/repository/org/springframework/security/spring-security-oauth2-authorization-server/1.4.2/spring-security-oauth2-authorization-server-1.4.2.jar:/home/matheusnicolau/.m2/repository/org/springframework/security/spring-security-oauth2-core/6.4.3/spring-security-oauth2-core-6.4.3.jar:/home/matheusnicolau/.m2/repository/org/springframework/security/spring-security-oauth2-jose/6.4.3/spring-security-oauth2-jose-6.4.3.jar:/home/matheusnicolau/.m2/repository/org/springframework/security/spring-security-oauth2-resource-server/6.4.3/spring-security-oauth2-resource-server-6.4.3.jar:/home/matheusnicolau/.m2/repository/com/nimbusds/nimbus-jose-jwt/9.47/nimbus-jose-jwt-9.47.jar:/home/matheusnicolau/.m2/repository/com/fasterxml/jackson/core/jackson-databind/2.18.2/jackson-databind-2.18.2.jar:/home/matheusnicolau/.m2/repository/com/fasterxml/jackson/core/jackson-annotations/2.18.2/jackson-annotations-2.18.2.jar:/home/matheusnicolau/.m2/repository/com/fasterxml/jackson/core/jackson-core/2.18.2/jackson-core-2.18.2.jar:/home/matheusnicolau/.m2/repository/org/springframework/boot/spring-boot-starter-security/3.4.3/spring-boot-starter-security-3.4.3.jar:/home/matheusnicolau/.m2/repository/org/springframework/spring-aop/6.2.3/spring-aop-6.2.3.jar:/home/matheusnicolau/.m2/repository/org/springframework/security/spring-security-config/6.4.3/spring-security-config-6.4.3.jar:/home/matheusnicolau/.m2/repository/org/springframework/security/spring-security-web/6.4.3/spring-security-web-6.4.3.jar:/home/matheusnicolau/.m2/repository/org/springframework/spring-expression/6.2.3/spring-expression-6.2.3.jar:/home/matheusnicolau/.m2/repository/org/springframework/boot/spring-boot-starter-web/3.4.3/spring-boot-starter-web-3.4.3.jar:/home/matheusnicolau/.m2/repository/org/springframework/boot/spring-boot-starter-json/3.4.3/spring-boot-starter-json-3.4.3.jar:/home/matheusnicolau/.m2/repository/com/fasterxml/jackson/datatype/jackson-datatype-jdk8/2.18.2/jackson-datatype-jdk8-2.18.2.jar:/home/matheusnicolau/.m2/repository/com/fasterxml/jackson/datatype/jackson-datatype-jsr310/2.18.2/jackson-datatype-jsr310-2.18.2.jar:/home/matheusnicolau/.m2/repository/com/fasterxml/jackson/module/jackson-module-parameter-names/2.18.2/jackson-module-parameter-names-2.18.2.jar:/home/matheusnicolau/.m2/repository/org/springframework/boot/spring-boot-starter-tomcat/3.4.3/spring-boot-starter-tomcat-3.4.3.jar:/home/matheusnicolau/.m2/repository/org/apache/tomcat/embed/tomcat-embed-core/10.1.36/tomcat-embed-core-10.1.36.jar:/home/matheusnicolau/.m2/repository/org/apache/tomcat/embed/tomcat-embed-el/10.1.36/tomcat-embed-el-10.1.36.jar:/home/matheusnicolau/.m2/repository/org/apache/tomcat/embed/tomcat-embed-websocket/10.1.36/tomcat-embed-websocket-10.1.36.jar:/home/matheusnicolau/.m2/repository/org/springframework/spring-web/6.2.3/spring-web-6.2.3.jar:/home/matheusnicolau/.m2/repository/io/micrometer/micrometer-observation/1.14.4/micrometer-observation-1.14.4.jar:/home/matheusnicolau/.m2/repository/io/micrometer/micrometer-commons/1.14.4/micrometer-commons-1.14.4.jar:/home/matheusnicolau/.m2/repository/org/springframework/spring-webmvc/6.2.3/spring-webmvc-6.2.3.jar:/home/matheusnicolau/.m2/repository/org/springframework/boot/spring-boot-devtools/3.4.3/spring-boot-devtools-3.4.3.jar:/home/matheusnicolau/.m2/repository/org/springframework/boot/spring-boot/3.4.3/spring-boot-3.4.3.jar:/home/matheusnicolau/.m2/repository/org/springframework/boot/spring-boot-autoconfigure/3.4.3/spring-boot-autoconfigure-3.4.3.jar:/home/matheusnicolau/.m2/repository/org/springframework/boot/spring-boot-starter-test/3.4.3/spring-boot-starter-test-3.4.3.jar:/home/matheusnicolau/.m2/repository/org/springframework/boot/spring-boot-test/3.4.3/spring-boot-test-3.4.3.jar:/home/matheusnicolau/.m2/repository/org/springframework/boot/spring-boot-test-autoconfigure/3.4.3/spring-boot-test-autoconfigure-3.4.3.jar:/home/matheusnicolau/.m2/repository/com/jayway/jsonpath/json-path/2.9.0/json-path-2.9.0.jar:/home/matheusnicolau/.m2/repository/jakarta/xml/bind/jakarta.xml.bind-api/4.0.2/jakarta.xml.bind-api-4.0.2.jar:/home/matheusnicolau/.m2/repository/jakarta/activation/jakarta.activation-api/2.1.3/jakarta.activation-api-2.1.3.jar:/home/matheusnicolau/.m2/repository/net/minidev/json-smart/2.5.2/json-smart-2.5.2.jar:/home/matheusnicolau/.m2/repository/net/minidev/accessors-smart/2.5.2/accessors-smart-2.5.2.jar:/home/matheusnicolau/.m2/repository/org/ow2/asm/asm/9.7.1/asm-9.7.1.jar:/home/matheusnicolau/.m2/repository/org/assertj/assertj-core/3.26.3/assertj-core-3.26.3.jar:/home/matheusnicolau/.m2/repository/org/awaitility/awaitility/4.2.2/awaitility-4.2.2.jar:/home/matheusnicolau/.m2/repository/org/hamcrest/hamcrest/2.2/hamcrest-2.2.jar:/home/matheusnicolau/.m2/repository/org/junit/jupiter/junit-jupiter/5.11.4/junit-jupiter-5.11.4.jar:/home/matheusnicolau/.m2/repository/org/junit/jupiter/junit-jupiter-params/5.11.4/junit-jupiter-params-5.11.4.jar:/home/matheusnicolau/.m2/repository/org/junit/jupiter/junit-jupiter-engine/5.11.4/junit-jupiter-engine-5.11.4.jar:/home/matheusnicolau/.m2/repository/org/junit/platform/junit-platform-engine/1.11.4/junit-platform-engine-1.11.4.jar:/home/matheusnicolau/.m2/repository/org/mockito/mockito-core/5.14.2/mockito-core-5.14.2.jar:/home/matheusnicolau/.m2/repository/net/bytebuddy/byte-buddy-agent/1.15.11/byte-buddy-agent-1.15.11.jar:/home/matheusnicolau/.m2/repository/org/objenesis/objenesis/3.3/objenesis-3.3.jar:/home/matheusnicolau/.m2/repository/org/skyscreamer/jsonassert/1.5.3/jsonassert-1.5.3.jar:/home/matheusnicolau/.m2/repository/com/vaadin/external/google/android-json/0.0.20131108.vaadin1/android-json-0.0.20131108.vaadin1.jar:/home/matheusnicolau/.m2/repository/org/springframework/spring-core/6.2.3/spring-core-6.2.3.jar:/home/matheusnicolau/.m2/repository/org/springframework/spring-jcl/6.2.3/spring-jcl-6.2.3.jar:/home/matheusnicolau/.m2/repository/org/springframework/spring-test/6.2.3/spring-test-6.2.3.jar:/home/matheusnicolau/.m2/repository/org/xmlunit/xmlunit-core/2.10.0/xmlunit-core-2.10.0.jar:/home/matheusnicolau/.m2/repository/org/postgresql/postgresql/42.7.5/postgresql-42.7.5.jar:/home/matheusnicolau/.m2/repository/org/checkerframework/checker-qual/3.48.3/checker-qual-3.48.3.jar:/home/matheusnicolau/.m2/repository/org/springframework/security/spring-security-test/6.4.3/spring-security-test-6.4.3.jar:/home/matheusnicolau/.m2/repository/org/springframework/security/spring-security-core/6.4.3/spring-security-core-6.4.3.jar:/home/matheusnicolau/.m2/repository/org/springframework/security/spring-security-crypto/6.4.3/spring-security-crypto-6.4.3.jar:/home/matheusnicolau/.m2/repository/io/hypersistence/hypersistence-utils-hibernate-63/3.9.2/hypersistence-utils-hibernate-63-3.9.2.jar:/home/matheusnicolau/.m2/repository/io/hypersistence/hypersistence-tsid/2.1.4/hypersistence-tsid-2.1.4.jar:/home/matheusnicolau/.m2/repository/org/mockito/mockito-junit-jupiter/5.15.2/mockito-junit-jupiter-5.15.2.jar:/home/matheusnicolau/.m2/repository/org/junit/jupiter/junit-jupiter-api/5.11.4/junit-jupiter-api-5.11.4.jar:/home/matheusnicolau/.m2/repository/org/opentest4j/opentest4j/1.3.0/opentest4j-1.3.0.jar:/home/matheusnicolau/.m2/repository/org/junit/platform/junit-platform-commons/1.11.4/junit-platform-commons-1.11.4.jar:/home/matheusnicolau/.m2/repository/org/apiguardian/apiguardian-api/1.1.2/apiguardian-api-1.1.2.jar:"/>
    <property name="java.vm.vendor" value="Azul Systems, Inc."/>
    <property name="sun.arch.data.model" value="64"/>
    <property name="java.vendor.url" value="http://www.azul.com/"/>
    <property name="user.timezone" value="America/Manaus"/>
    <property name="org.jboss.logging.provider" value="slf4j"/>
    <property name="os.name" value="Linux"/>
    <property name="java.vm.specification.version" value="21"/>
    <property name="APPLICATION_NAME" value="authorization-service"/>
    <property name="sun.java.launcher" value="SUN_STANDARD"/>
    <property name="user.country" value="BR"/>
    <property name="sun.boot.library.path" value="/home/matheusnicolau/.sdkman/candidates/java/21.0.4-zulu/lib"/>
    <property name="sun.java.command" value="/home/matheusnicolau/Documentos/Matheus/authorization-service/target/surefire/surefirebooter-20250306173635066_3.jar /home/matheusnicolau/Documentos/Matheus/authorization-service/target/surefire 2025-03-06T17-36-34_919-jvmRun1 surefire-20250306173635066_1tmp surefire_0-20250306173635066_2tmp"/>
    <property name="jdk.debug" value="release"/>
    <property name="surefire.test.class.path" value="/home/matheusnicolau/Documentos/Matheus/authorization-service/target/test-classes:/home/matheusnicolau/Documentos/Matheus/authorization-service/target/classes:/home/matheusnicolau/.m2/repository/org/springframework/boot/spring-boot-starter-data-jpa/3.4.3/spring-boot-starter-data-jpa-3.4.3.jar:/home/matheusnicolau/.m2/repository/org/springframework/boot/spring-boot-starter/3.4.3/spring-boot-starter-3.4.3.jar:/home/matheusnicolau/.m2/repository/org/springframework/boot/spring-boot-starter-logging/3.4.3/spring-boot-starter-logging-3.4.3.jar:/home/matheusnicolau/.m2/repository/ch/qos/logback/logback-classic/1.5.16/logback-classic-1.5.16.jar:/home/matheusnicolau/.m2/repository/ch/qos/logback/logback-core/1.5.16/logback-core-1.5.16.jar:/home/matheusnicolau/.m2/repository/org/apache/logging/log4j/log4j-to-slf4j/2.24.3/log4j-to-slf4j-2.24.3.jar:/home/matheusnicolau/.m2/repository/org/apache/logging/log4j/log4j-api/2.24.3/log4j-api-2.24.3.jar:/home/matheusnicolau/.m2/repository/org/slf4j/jul-to-slf4j/2.0.16/jul-to-slf4j-2.0.16.jar:/home/matheusnicolau/.m2/repository/jakarta/annotation/jakarta.annotation-api/2.1.1/jakarta.annotation-api-2.1.1.jar:/home/matheusnicolau/.m2/repository/org/yaml/snakeyaml/2.3/snakeyaml-2.3.jar:/home/matheusnicolau/.m2/repository/org/springframework/boot/spring-boot-starter-jdbc/3.4.3/spring-boot-starter-jdbc-3.4.3.jar:/home/matheusnicolau/.m2/repository/com/zaxxer/HikariCP/5.1.0/HikariCP-5.1.0.jar:/home/matheusnicolau/.m2/repository/org/springframework/spring-jdbc/6.2.3/spring-jdbc-6.2.3.jar:/home/matheusnicolau/.m2/repository/org/hibernate/orm/hibernate-core/6.6.8.Final/hibernate-core-6.6.8.Final.jar:/home/matheusnicolau/.m2/repository/jakarta/persistence/jakarta.persistence-api/3.1.0/jakarta.persistence-api-3.1.0.jar:/home/matheusnicolau/.m2/repository/jakarta/transaction/jakarta.transaction-api/2.0.1/jakarta.transaction-api-2.0.1.jar:/home/matheusnicolau/.m2/repository/org/jboss/logging/jboss-logging/3.6.1.Final/jboss-logging-3.6.1.Final.jar:/home/matheusnicolau/.m2/repository/org/hibernate/common/hibernate-commons-annotations/7.0.3.Final/hibernate-commons-annotations-7.0.3.Final.jar:/home/matheusnicolau/.m2/repository/io/smallrye/jandex/3.2.0/jandex-3.2.0.jar:/home/matheusnicolau/.m2/repository/com/fasterxml/classmate/1.7.0/classmate-1.7.0.jar:/home/matheusnicolau/.m2/repository/net/bytebuddy/byte-buddy/1.15.11/byte-buddy-1.15.11.jar:/home/matheusnicolau/.m2/repository/org/glassfish/jaxb/jaxb-runtime/4.0.5/jaxb-runtime-4.0.5.jar:/home/matheusnicolau/.m2/repository/org/glassfish/jaxb/jaxb-core/4.0.5/jaxb-core-4.0.5.jar:/home/matheusnicolau/.m2/repository/org/eclipse/angus/angus-activation/2.0.2/angus-activation-2.0.2.jar:/home/matheusnicolau/.m2/repository/org/glassfish/jaxb/txw2/4.0.5/txw2-4.0.5.jar:/home/matheusnicolau/.m2/repository/com/sun/istack/istack-commons-runtime/4.1.2/istack-commons-runtime-4.1.2.jar:/home/matheusnicolau/.m2/repository/jakarta/inject/jakarta.inject-api/2.0.1/jakarta.inject-api-2.0.1.jar:/home/matheusnicolau/.m2/repository/org/antlr/antlr4-runtime/4.13.0/antlr4-runtime-4.13.0.jar:/home/matheusnicolau/.m2/repository/org/springframework/data/spring-data-jpa/3.4.3/spring-data-jpa-3.4.3.jar:/home/matheusnicolau/.m2/repository/org/springframework/data/spring-data-commons/3.4.3/spring-data-commons-3.4.3.jar:/home/matheusnicolau/.m2/repository/org/springframework/spring-orm/6.2.3/spring-orm-6.2.3.jar:/home/matheusnicolau/.m2/repository/org/springframework/spring-context/6.2.3/spring-context-6.2.3.jar:/home/matheusnicolau/.m2/repository/org/springframework/spring-tx/6.2.3/spring-tx-6.2.3.jar:/home/matheusnicolau/.m2/repository/org/springframework/spring-beans/6.2.3/spring-beans-6.2.3.jar:/home/matheusnicolau/.m2/repository/org/slf4j/slf4j-api/2.0.16/slf4j-api-2.0.16.jar:/home/matheusnicolau/.m2/repository/org/springframework/spring-aspects/6.2.3/spring-aspects-6.2.3.jar:/home/matheusnicolau/.m2/repository/org/aspectj/aspectjweaver/1.9.22.1/aspectjweaver-1.9.22.1.jar:/home/matheusnicolau/.m2/repository/org/springframework/boot/spring-boot-starter-oauth2-authorization-server/3.4.3/spring-boot-starter-oauth2-authorization-server-3.4.3.jar:/home/matheusnicolau/.m2/repository/org/springframework/security/spring-security-oauth2-authorization-server/1.4.2/spring-security-oauth2-authorization-server-1.4.2.jar:/home/matheusnicolau/.m2/repository/org/springframework/security/spring-security-oauth2-core/6.4.3/spring-security-oauth2-core-6.4.3.jar:/home/matheusnicolau/.m2/repository/org/springframework/security/spring-security-oauth2-jose/6.4.3/spring-security-oauth2-jose-6.4.3.jar:/home/matheusnicolau/.m2/repository/org/springframework/security/spring-security-oauth2-resource-server/6.4.3/spring-security-oauth2-resource-server-6.4.3.jar:/home/matheusnicolau/.m2/repository/com/nimbusds/nimbus-jose-jwt/9.47/nimbus-jose-jwt-9.47.jar:/home/matheusnicolau/.m2/repository/com/fasterxml/jackson/core/jackson-databind/2.18.2/jackson-databind-2.18.2.jar:/home/matheusnicolau/.m2/repository/com/fasterxml/jackson/core/jackson-annotations/2.18.2/jackson-annotations-2.18.2.jar:/home/matheusnicolau/.m2/repository/com/fasterxml/jackson/core/jackson-core/2.18.2/jackson-core-2.18.2.jar:/home/matheusnicolau/.m2/repository/org/springframework/boot/spring-boot-starter-security/3.4.3/spring-boot-starter-security-3.4.3.jar:/home/matheusnicolau/.m2/repository/org/springframework/spring-aop/6.2.3/spring-aop-6.2.3.jar:/home/matheusnicolau/.m2/repository/org/springframework/security/spring-security-config/6.4.3/spring-security-config-6.4.3.jar:/home/matheusnicolau/.m2/repository/org/springframework/security/spring-security-web/6.4.3/spring-security-web-6.4.3.jar:/home/matheusnicolau/.m2/repository/org/springframework/spring-expression/6.2.3/spring-expression-6.2.3.jar:/home/matheusnicolau/.m2/repository/org/springframework/boot/spring-boot-starter-web/3.4.3/spring-boot-starter-web-3.4.3.jar:/home/matheusnicolau/.m2/repository/org/springframework/boot/spring-boot-starter-json/3.4.3/spring-boot-starter-json-3.4.3.jar:/home/matheusnicolau/.m2/repository/com/fasterxml/jackson/datatype/jackson-datatype-jdk8/2.18.2/jackson-datatype-jdk8-2.18.2.jar:/home/matheusnicolau/.m2/repository/com/fasterxml/jackson/datatype/jackson-datatype-jsr310/2.18.2/jackson-datatype-jsr310-2.18.2.jar:/home/matheusnicolau/.m2/repository/com/fasterxml/jackson/module/jackson-module-parameter-names/2.18.2/jackson-module-parameter-names-2.18.2.jar:/home/matheusnicolau/.m2/repository/org/springframework/boot/spring-boot-starter-tomcat/3.4.3/spring-boot-starter-tomcat-3.4.3.jar:/home/matheusnicolau/.m2/repository/org/apache/tomcat/embed/tomcat-embed-core/10.1.36/tomcat-embed-core-10.1.36.jar:/home/matheusnicolau/.m2/repository/org/apache/tomcat/embed/tomcat-embed-el/10.1.36/tomcat-embed-el-10.1.36.jar:/home/matheusnicolau/.m2/repository/org/apache/tomcat/embed/tomcat-embed-websocket/10.1.36/tomcat-embed-websocket-10.1.36.jar:/home/matheusnicolau/.m2/repository/org/springframework/spring-web/6.2.3/spring-web-6.2.3.jar:/home/matheusnicolau/.m2/repository/io/micrometer/micrometer-observation/1.14.4/micrometer-observation-1.14.4.jar:/home/matheusnicolau/.m2/repository/io/micrometer/micrometer-commons/1.14.4/micrometer-commons-1.14.4.jar:/home/matheusnicolau/.m2/repository/org/springframework/spring-webmvc/6.2.3/spring-webmvc-6.2.3.jar:/home/matheusnicolau/.m2/repository/org/springframework/boot/spring-boot-devtools/3.4.3/spring-boot-devtools-3.4.3.jar:/home/matheusnicolau/.m2/repository/org/springframework/boot/spring-boot/3.4.3/spring-boot-3.4.3.jar:/home/matheusnicolau/.m2/repository/org/springframework/boot/spring-boot-autoconfigure/3.4.3/spring-boot-autoconfigure-3.4.3.jar:/home/matheusnicolau/.m2/repository/org/springframework/boot/spring-boot-starter-test/3.4.3/spring-boot-starter-test-3.4.3.jar:/home/matheusnicolau/.m2/repository/org/springframework/boot/spring-boot-test/3.4.3/spring-boot-test-3.4.3.jar:/home/matheusnicolau/.m2/repository/org/springframework/boot/spring-boot-test-autoconfigure/3.4.3/spring-boot-test-autoconfigure-3.4.3.jar:/home/matheusnicolau/.m2/repository/com/jayway/jsonpath/json-path/2.9.0/json-path-2.9.0.jar:/home/matheusnicolau/.m2/repository/jakarta/xml/bind/jakarta.xml.bind-api/4.0.2/jakarta.xml.bind-api-4.0.2.jar:/home/matheusnicolau/.m2/repository/jakarta/activation/jakarta.activation-api/2.1.3/jakarta.activation-api-2.1.3.jar:/home/matheusnicolau/.m2/repository/net/minidev/json-smart/2.5.2/json-smart-2.5.2.jar:/home/matheusnicolau/.m2/repository/net/minidev/accessors-smart/2.5.2/accessors-smart-2.5.2.jar:/home/matheusnicolau/.m2/repository/org/ow2/asm/asm/9.7.1/asm-9.7.1.jar:/home/matheusnicolau/.m2/repository/org/assertj/assertj-core/3.26.3/assertj-core-3.26.3.jar:/home/matheusnicolau/.m2/repository/org/awaitility/awaitility/4.2.2/awaitility-4.2.2.jar:/home/matheusnicolau/.m2/repository/org/hamcrest/hamcrest/2.2/hamcrest-2.2.jar:/home/matheusnicolau/.m2/repository/org/junit/jupiter/junit-jupiter/5.11.4/junit-jupiter-5.11.4.jar:/home/matheusnicolau/.m2/repository/org/junit/jupiter/junit-jupiter-params/5.11.4/junit-jupiter-params-5.11.4.jar:/home/matheusnicolau/.m2/repository/org/junit/jupiter/junit-jupiter-engine/5.11.4/junit-jupiter-engine-5.11.4.jar:/home/matheusnicolau/.m2/repository/org/junit/platform/junit-platform-engine/1.11.4/junit-platform-engine-1.11.4.jar:/home/matheusnicolau/.m2/repository/org/mockito/mockito-core/5.14.2/mockito-core-5.14.2.jar:/home/matheusnicolau/.m2/repository/net/bytebuddy/byte-buddy-agent/1.15.11/byte-buddy-agent-1.15.11.jar:/home/matheusnicolau/.m2/repository/org/objenesis/objenesis/3.3/objenesis-3.3.jar:/home/matheusnicolau/.m2/repository/org/skyscreamer/jsonassert/1.5.3/jsonassert-1.5.3.jar:/home/matheusnicolau/.m2/repository/com/vaadin/external/google/android-json/0.0.20131108.vaadin1/android-json-0.0.20131108.vaadin1.jar:/home/matheusnicolau/.m2/repository/org/springframework/spring-core/6.2.3/spring-core-6.2.3.jar:/home/matheusnicolau/.m2/repository/org/springframework/spring-jcl/6.2.3/spring-jcl-6.2.3.jar:/home/matheusnicolau/.m2/repository/org/springframework/spring-test/6.2.3/spring-test-6.2.3.jar:/home/matheusnicolau/.m2/repository/org/xmlunit/xmlunit-core/2.10.0/xmlunit-core-2.10.0.jar:/home/matheusnicolau/.m2/repository/org/postgresql/postgresql/42.7.5/postgresql-42.7.5.jar:/home/matheusnicolau/.m2/repository/org/checkerframework/checker-qual/3.48.3/checker-qual-3.48.3.jar:/home/matheusnicolau/.m2/repository/org/springframework/security/spring-security-test/6.4.3/spring-security-test-6.4.3.jar:/home/matheusnicolau/.m2/repository/org/springframework/security/spring-security-core/6.4.3/spring-security-core-6.4.3.jar:/home/matheusnicolau/.m2/repository/org/springframework/security/spring-security-crypto/6.4.3/spring-security-crypto-6.4.3.jar:/home/matheusnicolau/.m2/repository/io/hypersistence/hypersistence-utils-hibernate-63/3.9.2/hypersistence-utils-hibernate-63-3.9.2.jar:/home/matheusnicolau/.m2/repository/io/hypersistence/hypersistence-tsid/2.1.4/hypersistence-tsid-2.1.4.jar:/home/matheusnicolau/.m2/repository/org/mockito/mockito-junit-jupiter/5.15.2/mockito-junit-jupiter-5.15.2.jar:/home/matheusnicolau/.m2/repository/org/junit/jupiter/junit-jupiter-api/5.11.4/junit-jupiter-api-5.11.4.jar:/home/matheusnicolau/.m2/repository/org/opentest4j/opentest4j/1.3.0/opentest4j-1.3.0.jar:/home/matheusnicolau/.m2/repository/org/junit/platform/junit-platform-commons/1.11.4/junit-platform-commons-1.11.4.jar:/home/matheusnicolau/.m2/repository/org/apiguardian/apiguardian-api/1.1.2/apiguardian-api-1.1.2.jar:"/>
    <property name="sun.cpu.endian" value="little"/>
    <property name="user.home" value="/home/matheusnicolau"/>
    <property name="user.language" value="pt"/>
    <property name="java.specification.vendor" value="Oracle Corporation"/>
    <property name="java.version.date" value="2024-07-16"/>
    <property name="java.home" value="/home/matheusnicolau/.sdkman/candidates/java/21.0.4-zulu"/>
    <property name="file.separator" value="/"/>
    <property name="basedir" value="/home/matheusnicolau/Documentos/Matheus/authorization-service"/>
    <property name="java.vm.compressedOopsMode" value="Zero based"/>
    <property name="line.separator" value="&#10;"/>
    <property name="java.vm.specification.vendor" value="Oracle Corporation"/>
    <property name="java.specification.name" value="Java Platform API Specification"/>
    <property name="FILE_LOG_CHARSET" value="UTF-8"/>
    <property name="java.awt.headless" value="true"/>
    <property name="surefire.real.class.path" value="/home/matheusnicolau/Documentos/Matheus/authorization-service/target/surefire/surefirebooter-20250306173635066_3.jar"/>
    <property name="sun.management.compiler" value="HotSpot 64-Bit Tiered Compilers"/>
    <property name="java.runtime.version" value="21.0.4+7-LTS"/>
    <property name="user.name" value="matheusnicolau"/>
    <property name="stdout.encoding" value="UTF-8"/>
    <property name="path.separator" value=":"/>
    <property name="os.version" value="6.11.0-17-generic"/>
    <property name="java.runtime.name" value="OpenJDK Runtime Environment"/>
    <property name="file.encoding" value="UTF-8"/>
    <property name="java.vm.name" value="OpenJDK 64-Bit Server VM"/>
    <property name="java.vendor.version" value="Zulu21.36+17-CA"/>
    <property name="localRepository" value="/home/matheusnicolau/.m2/repository"/>
    <property name="java.vendor.url.bug" value="http://www.azul.com/support/"/>
    <property name="java.io.tmpdir" value="/tmp"/>
    <property name="com.zaxxer.hikari.pool_number" value="1"/>
    <property name="java.version" value="21.0.4"/>
    <property name="user.dir" value="/home/matheusnicolau/Documentos/Matheus/authorization-service"/>
    <property name="os.arch" value="amd64"/>
    <property name="java.vm.specification.name" value="Java Virtual Machine Specification"/>
    <property name="PID" value="147189"/>
    <property name="CONSOLE_LOG_CHARSET" value="UTF-8"/>
    <property name="native.encoding" value="UTF-8"/>
    <property name="java.library.path" value="/usr/java/packages/lib:/usr/lib64:/lib64:/lib:/usr/lib"/>
    <property name="java.vm.info" value="mixed mode, sharing"/>
    <property name="stderr.encoding" value="UTF-8"/>
    <property name="java.vendor" value="Azul Systems, Inc."/>
    <property name="java.vm.version" value="21.0.4+7-LTS"/>
    <property name="sun.io.unicode.encoding" value="UnicodeLittle"/>
    <property name="java.class.version" value="65.0"/>
    <property name="LOGGED_APPLICATION_NAME" value="[authorization-service] "/>
  </properties>
  <testcase name="contextLoads" classname="com.example.authorization_service.AuthorizationServiceApplicationTests" time="0.567">
    <system-out><![CDATA[17:36:38.214 [main] INFO org.springframework.test.context.support.AnnotationConfigContextLoaderUtils -- Could not detect default configuration classes for test class [com.example.authorization_service.AuthorizationServiceApplicationTests]: AuthorizationServiceApplicationTests does not declare any static, non-private, non-final, nested classes annotated with @Configuration.
17:36:38.685 [main] INFO org.springframework.boot.test.context.SpringBootTestContextBootstrapper -- Found @SpringBootConfiguration com.example.authorization_service.AuthorizationServiceApplication for test class com.example.authorization_service.AuthorizationServiceApplicationTests
17:36:39.357 [main] INFO org.springframework.boot.devtools.restart.RestartApplicationListener -- Restart disabled due to context in which it is running

  .   ____          _            __ _ _
 /\\ / ___'_ __ _ _(_)_ __  __ _ \ \ \ \
( ( )\___ | '_ | '_| | '_ \/ _` | \ \ \ \
 \\/  ___)| |_)| | | | | || (_| |  ) ) ) )
  '  |____| .__|_| |_|_| |_\__, | / / / /
 =========|_|==============|___/=/_/_/_/

 :: Spring Boot ::                (v3.4.3)

2025-03-06T17:36:40.301-04:00  INFO 147189 --- [authorization-service] [           main] e.a.AuthorizationServiceApplicationTests : Starting AuthorizationServiceApplicationTests using Java 21.0.4 with PID 147189 (started by matheusnicolau in /home/matheusnicolau/Documentos/Matheus/authorization-service)
2025-03-06T17:36:40.304-04:00  INFO 147189 --- [authorization-service] [           main] e.a.AuthorizationServiceApplicationTests : No active profile set, falling back to 1 default profile: "default"
2025-03-06T17:36:41.889-04:00  INFO 147189 --- [authorization-service] [           main] .s.d.r.c.RepositoryConfigurationDelegate : Bootstrapping Spring Data JPA repositories in DEFAULT mode.
2025-03-06T17:36:42.001-04:00  INFO 147189 --- [authorization-service] [           main] .s.d.r.c.RepositoryConfigurationDelegate : Finished Spring Data repository scanning in 93 ms. Found 2 JPA repository interfaces.
2025-03-06T17:36:42.980-04:00  INFO 147189 --- [authorization-service] [           main] o.hibernate.jpa.internal.util.LogHelper  : HHH000204: Processing PersistenceUnitInfo [name: default]
2025-03-06T17:36:43.107-04:00  INFO 147189 --- [authorization-service] [           main] org.hibernate.Version                    : HHH000412: Hibernate ORM core version 6.6.8.Final
2025-03-06T17:36:43.176-04:00  INFO 147189 --- [authorization-service] [           main] o.h.c.internal.RegionFactoryInitiator    : HHH000026: Second-level cache disabled
2025-03-06T17:36:43.450-04:00  INFO 147189 --- [authorization-service] [           main] com.zaxxer.hikari.HikariDataSource       : HikariPool-1 - Starting...
2025-03-06T17:36:44.241-04:00  INFO 147189 --- [authorization-service] [           main] com.zaxxer.hikari.pool.HikariPool        : HikariPool-1 - Added connection org.postgresql.jdbc.PgConnection@7d07e6aa
2025-03-06T17:36:44.243-04:00  INFO 147189 --- [authorization-service] [           main] com.zaxxer.hikari.HikariDataSource       : HikariPool-1 - Start completed.
2025-03-06T17:36:44.326-04:00  WARN 147189 --- [authorization-service] [           main] org.hibernate.orm.deprecation            : HHH90000025: PostgreSQLDialect does not need to be specified explicitly using 'hibernate.dialect' (remove the property setting and it will be selected by default)
2025-03-06T17:36:44.372-04:00  INFO 147189 --- [authorization-service] [           main] org.hibernate.orm.connections.pooling    : HHH10001005: Database info:
	Database JDBC URL [Connecting through datasource 'HikariDataSource (HikariPool-1)']
	Database driver: undefined/unknown
	Database version: 16.8
	Autocommit mode: undefined/unknown
	Isolation level: undefined/unknown
	Minimum pool size: undefined/unknown
	Maximum pool size: undefined/unknown
2025-03-06T17:36:44.905-04:00  INFO 147189 --- [authorization-service] [           main] o.s.o.j.p.SpringPersistenceUnitInfo      : No LoadTimeWeaver setup: ignoring JPA class transformer
2025-03-06T17:36:46.964-04:00  INFO 147189 --- [authorization-service] [           main] o.h.e.t.j.p.i.JtaPlatformInitiator       : HHH000489: No JTA platform available (set 'hibernate.transaction.jta.platform' to enable JTA platform integration)
2025-03-06T17:36:47.232-04:00  INFO 147189 --- [authorization-service] [           main] j.LocalContainerEntityManagerFactoryBean : Initialized JPA EntityManagerFactory for persistence unit 'default'
2025-03-06T17:36:48.097-04:00  WARN 147189 --- [authorization-service] [           main] JpaBaseConfiguration$JpaWebConfiguration : spring.jpa.open-in-view is enabled by default. Therefore, database queries may be performed during view rendering. Explicitly configure spring.jpa.open-in-view to disable this warning
2025-03-06T17:36:48.138-04:00 TRACE 147189 --- [authorization-service] [           main] eGlobalAuthenticationAutowiredConfigurer : Eagerly initializing {authorizationServerConfig=com.example.authorization_service.config.AuthorizationServerConfig$$SpringCGLIB$$0@7ffa2be}
2025-03-06T17:36:48.141-04:00  INFO 147189 --- [authorization-service] [           main] eAuthenticationProviderManagerConfigurer : Global AuthenticationManager configured with AuthenticationProvider bean with name customAuthenticationProvider
2025-03-06T17:36:49.795-04:00 DEBUG 147189 --- [authorization-service] [           main] o.s.s.web.DefaultSecurityFilterChain     : Will secure org.springframework.security.oauth2.server.authorization.config.annotation.web.configurers.OAuth2AuthorizationServerConfigurer$$Lambda/0x00007c7910988af8@5363f923 with filters: DisableEncodeUrlFilter, WebAsyncManagerIntegrationFilter, SecurityContextHolderFilter, AuthorizationServerContextFilter, HeaderWriterFilter, CsrfFilter, OidcLogoutEndpointFilter, LogoutFilter, OAuth2AuthorizationServerMetadataEndpointFilter, OAuth2AuthorizationEndpointFilter, OAuth2DeviceVerificationEndpointFilter, OidcProviderConfigurationEndpointFilter, NimbusJwkSetEndpointFilter, OAuth2ClientAuthenticationFilter, BearerTokenAuthenticationFilter, RequestCacheAwareFilter, SecurityContextHolderAwareRequestFilter, AnonymousAuthenticationFilter, ExceptionTranslationFilter, AuthorizationFilter, OAuth2TokenEndpointFilter, OAuth2TokenIntrospectionEndpointFilter, OAuth2TokenRevocationEndpointFilter, OAuth2DeviceAuthorizationEndpointFilter, OidcUserInfoEndpointFilter
2025-03-06T17:36:49.812-04:00 DEBUG 147189 --- [authorization-service] [           main] o.s.s.web.DefaultSecurityFilterChain     : Will secure any request with filters: DisableEncodeUrlFilter, WebAsyncManagerIntegrationFilter, SecurityContextHolderFilter, HeaderWriterFilter, LogoutFilter, UsernamePasswordAuthenticationFilter, DefaultResourcesFilter, DefaultLoginPageGeneratingFilter, DefaultLogoutPageGeneratingFilter, RequestCacheAwareFilter, SecurityContextHolderAwareRequestFilter, AnonymousAuthenticationFilter, ExceptionTranslationFilter, AuthorizationFilter
2025-03-06T17:36:50.278-04:00  INFO 147189 --- [authorization-service] [           main] e.a.AuthorizationServiceApplicationTests : Started AuthorizationServiceApplicationTests in 10.974 seconds (process running for 15.118)
]]></system-out>
    <system-err><![CDATA[Mockito is currently self-attaching to enable the inline-mock-maker. This will no longer work in future releases of the JDK. Please add Mockito as an agent to your build what is described in Mockito's documentation: https://javadoc.io/doc/org.mockito/mockito-core/latest/org/mockito/Mockito.html#0.3
WARNING: A Java agent has been loaded dynamically (/home/matheusnicolau/.m2/repository/net/bytebuddy/byte-buddy-agent/1.15.11/byte-buddy-agent-1.15.11.jar)
WARNING: If a serviceability tool is in use, please run with -XX:+EnableDynamicAgentLoading to hide this warning
WARNING: If a serviceability tool is not in use, please run with -Djdk.instrument.traceUsage for more information
WARNING: Dynamic loading of agents will be disallowed by default in a future release
]]></system-err>
  </testcase>
</testsuite>